2020-08-28 11:52:35,565 - test_login.py - INFO - 前置 - [test_login.py:19]
2020-08-28 11:52:35,565 - test_login.py - INFO - 执行第1条用例：正常登录 - [test_login.py:29]
2020-08-28 11:52:36,135 - test_login.py - INFO - 结束测试第1条用例：正常登录 - [test_login.py:39]
2020-08-28 11:52:36,136 - test_login.py - INFO - 后置 - [test_login.py:24]
2020-08-28 11:52:36,136 - test_login.py - INFO - 
 - [test_login.py:25]
2020-08-28 11:52:36,136 - test_login.py - INFO - 前置 - [test_login.py:19]
2020-08-28 11:52:36,136 - test_login.py - INFO - 执行第2条用例：输入错误的密码 - [test_login.py:29]
2020-08-28 11:52:36,643 - test_login.py - INFO - 结束测试第2条用例：输入错误的密码 - [test_login.py:39]
2020-08-28 11:52:36,644 - test_login.py - INFO - 后置 - [test_login.py:24]
2020-08-28 11:52:36,644 - test_login.py - INFO - 
 - [test_login.py:25]
2020-08-28 11:52:36,644 - test_login.py - INFO - 前置 - [test_login.py:19]
2020-08-28 11:52:36,644 - test_login.py - INFO - 执行第3条用例：不输入密码 - [test_login.py:29]
2020-08-28 11:52:36,698 - test_login.py - INFO - 结束测试第3条用例：不输入密码 - [test_login.py:39]
2020-08-28 11:52:36,698 - test_login.py - INFO - 后置 - [test_login.py:24]
2020-08-28 11:52:36,698 - test_login.py - INFO - 
 - [test_login.py:25]
2020-08-28 11:52:36,699 - test_login.py - INFO - 前置 - [test_login.py:19]
2020-08-28 11:52:36,699 - test_login.py - INFO - 执行第4条用例：不输入手机号 - [test_login.py:29]
2020-08-28 11:52:36,750 - test_login.py - INFO - 结束测试第4条用例：不输入手机号 - [test_login.py:39]
2020-08-28 11:52:36,750 - test_login.py - INFO - 后置 - [test_login.py:24]
2020-08-28 11:52:36,750 - test_login.py - INFO - 
 - [test_login.py:25]
2020-08-28 12:04:33,736 - test_login.py - INFO - 前置 - [test_login.py:19]
2020-08-28 12:04:33,737 - test_login.py - INFO - 执行第1条用例：正常登录 - [test_login.py:28]
2020-08-28 12:04:34,262 - test_login.py - INFO - 结束测试第1条用例：正常登录 - [test_login.py:38]
2020-08-28 12:04:34,262 - test_login.py - INFO - 后置 - [test_login.py:24]
2020-08-28 12:04:34,263 - test_login.py - INFO - 前置 - [test_login.py:19]
2020-08-28 12:04:34,263 - test_login.py - INFO - 执行第2条用例：输入错误的密码 - [test_login.py:28]
2020-08-28 12:04:34,772 - test_login.py - INFO - 结束测试第2条用例：输入错误的密码 - [test_login.py:38]
2020-08-28 12:04:34,773 - test_login.py - INFO - 后置 - [test_login.py:24]
2020-08-28 12:04:34,773 - test_login.py - INFO - 前置 - [test_login.py:19]
2020-08-28 12:04:34,773 - test_login.py - INFO - 执行第3条用例：不输入密码 - [test_login.py:28]
2020-08-28 12:04:34,823 - test_login.py - INFO - 结束测试第3条用例：不输入密码 - [test_login.py:38]
2020-08-28 12:04:34,823 - test_login.py - INFO - 后置 - [test_login.py:24]
2020-08-28 12:04:34,823 - test_login.py - INFO - 前置 - [test_login.py:19]
2020-08-28 12:04:34,823 - test_login.py - INFO - 执行第4条用例：不输入手机号 - [test_login.py:28]
2020-08-28 12:04:34,876 - test_login.py - INFO - 结束测试第4条用例：不输入手机号 - [test_login.py:38]
2020-08-28 12:04:34,877 - test_login.py - INFO - 后置 - [test_login.py:24]
